2023-03-16 12:43:19 DEBUG TelegramBot:24 - 333
i2023-03-16 12:51:01 DEBUG TelegramBot:26 - 333
i2023-03-16 12:57:15 DEBUG TelegramBot:22 - 333
i2023-03-16 12:57:15 ERROR TelegramBot:45 - org.telegram.telegrambots.meta.exceptions.TelegramApiRequestException: Unable to deserialize response
i2023-03-16 13:43:30 DEBUG TelegramBot:22 - аа
i2023-03-16 14:45:48 DEBUG UpdateProducerImpl:13 - nnn
i2023-03-16 14:49:39 DEBUG UpdateProducerImpl:13 - nn
i2023-03-16 14:50:53 DEBUG UpdateProducerImpl:13 - nn
i2023-03-16 14:50:53 DEBUG UpdateProducerImpl:13 - 
i2023-03-16 14:51:20 DEBUG UpdateProducerImpl:13 - 
i2023-03-16 14:51:40 DEBUG UpdateProducerImpl:13 - 
i2023-03-16 16:43:55 DEBUG UpdateProducerImpl:20 - hello
i2023-03-16 18:19:34 DEBUG UpdateProducerImpl:24 - 111
i2023-03-17 09:23:49 DEBUG UpdateProducerImpl:24 - 123
i2023-03-17 09:31:35 DEBUG UpdateProducerImpl:24 - привет
i2023-03-17 09:38:18 DEBUG UpdateProducerImpl:24 - ааа
i2023-03-17 09:40:25 DEBUG UpdateProducerImpl:24 - 23
i2023-03-17 09:42:43 DEBUG UpdateProducerImpl:22 - 123123
i2023-03-17 09:49:41 DEBUG UpdateProducerImpl:22 - Привет
i2023-03-17 09:55:59 DEBUG UpdateProducerImpl:22 - 123
i2023-03-17 10:00:00 DEBUG UpdateProducerImpl:22 - мчвылдалТСЛТУАУВ
i2023-03-17 10:00:17 DEBUG UpdateProducerImpl:22 - 
i2023-03-17 10:00:44 DEBUG UpdateProducerImpl:22 - 
i2023-03-17 15:02:45 DEBUG UpdateProducerImpl:22 - 
i2023-03-28 09:50:22 DEBUG UpdateProducerImpl:22 - привет
i2023-03-28 10:51:48 DEBUG UpdateProducerImpl:22 - test
i2023-03-28 12:21:18 DEBUG UpdateProducerImpl:22 - fghf
i2023-03-28 12:21:22 DEBUG UpdateProducerImpl:22 - /help
i2023-03-28 12:21:28 DEBUG UpdateProducerImpl:22 - /help
i2023-03-28 12:21:30 DEBUG UpdateProducerImpl:22 - /registration
i2023-03-28 12:21:32 DEBUG UpdateProducerImpl:22 - /cancel
i2023-03-28 12:22:11 DEBUG UpdateProducerImpl:22 - /some_test
i2023-03-28 12:22:52 DEBUG UpdateProducerImpl:22 - 
i2023-03-28 14:11:51 DEBUG UpdateProducerImpl:22 - 
i2023-03-28 14:12:09 DEBUG UpdateProducerImpl:22 - 
i2023-03-28 14:13:27 DEBUG UpdateProducerImpl:22 - 
i2023-03-28 14:16:31 DEBUG UpdateProducerImpl:22 - 
i2023-03-28 14:19:29 DEBUG UpdateProducerImpl:22 - 
i2023-03-28 14:21:26 DEBUG UpdateProducerImpl:22 - 
i2023-03-28 14:28:05 DEBUG UpdateProducerImpl:22 - 
i2023-03-28 15:21:29 DEBUG UpdateProducerImpl:22 - 
i2023-03-28 17:03:24 DEBUG UpdateProducerImpl:22 - 
i2023-03-28 17:03:53 DEBUG UpdateProducerImpl:22 - 
i2023-03-28 17:07:32 DEBUG UpdateProducerImpl:22 - 
i2023-03-29 15:01:41 DEBUG UpdateProducerImpl:22 - тититит
i2023-03-29 15:02:20 DEBUG UpdateProducerImpl:22 - итьиьмро
i2023-03-29 15:02:37 DEBUG UpdateProducerImpl:22 - /help
i2023-03-29 15:02:42 DEBUG UpdateProducerImpl:22 - /registration
i2023-03-29 15:02:45 DEBUG UpdateProducerImpl:22 - /cancel
i2023-03-29 15:02:49 DEBUG UpdateProducerImpl:22 - /help
i2023-03-29 15:03:53 DEBUG UpdateProducerImpl:22 - 
i2023-03-29 18:00:16 DEBUG UpdateProducerImpl:22 - привет
i2023-03-30 11:23:59 DEBUG UpdateProducerImpl:22 - 
i2023-03-30 11:24:07 DEBUG UpdateProducerImpl:22 - /registration
i2023-03-30 11:24:14 DEBUG UpdateProducerImpl:22 - fdsfsdas
i2023-03-30 11:24:28 DEBUG UpdateProducerImpl:22 - a.ashirbekov.bulat@gmail.com
i2023-03-30 11:24:48 DEBUG UpdateProducerImpl:22 - /help
i2023-03-30 11:24:50 DEBUG UpdateProducerImpl:22 - /registration
i2023-03-30 11:25:22 DEBUG UpdateProducerImpl:22 - /registration
i2023-03-30 11:28:25 DEBUG UpdateProducerImpl:22 - 
i2023-03-30 11:28:28 DEBUG UpdateProducerImpl:22 - /registration
i2023-03-30 11:28:39 DEBUG UpdateProducerImpl:22 - a.ashirbekov.bulat@gmail.com
i2023-03-30 12:07:57 DEBUG UpdateProducerImpl:22 - 
i2023-03-30 12:08:04 DEBUG UpdateProducerImpl:22 - /registration
i2023-03-30 12:08:19 DEBUG UpdateProducerImpl:22 - a.ashirbekov.bulat@gmail.com
i2023-03-30 12:23:31 DEBUG UpdateProducerImpl:22 - 
i2023-03-30 12:23:34 DEBUG UpdateProducerImpl:22 - /registration
i2023-03-30 12:23:44 DEBUG UpdateProducerImpl:22 - a.ashirbekov.bulat@gmail.com
i2023-03-30 12:38:02 DEBUG UpdateProducerImpl:22 - 
i2023-03-30 12:38:11 DEBUG UpdateProducerImpl:22 - /registration
i2023-03-30 12:38:25 DEBUG UpdateProducerImpl:22 - a.ashirbekov.bulat@gmail.com
i2023-03-30 12:53:16 DEBUG UpdateProducerImpl:22 - 
i2023-03-30 12:53:19 DEBUG UpdateProducerImpl:22 - /registration
i2023-03-30 12:53:31 DEBUG UpdateProducerImpl:22 - a.ashirbekov.bulat@gmail.com
i